{"data":{"id":"10163673108419768","last_name":"Novoselac","name":"Rachel Novoselac"},"level":"info","message":"received data from FB API","ms":"+0ms","timestamp":"2024-04-01T13:35:33.619Z"}
{"level":"info","message":"calls every 2 seconds, 3% of total calls used","ms":"+7ms","timestamp":"2024-04-01T13:35:33.626Z"}
{"level":"error","message":"OAuth \"Facebook Platform\" \"invalid_token\" \"Malformed access token ACCESS_TOKEN\"","timestamp":"2024-04-01T13:36:21.592Z"}
undefined
{"level":"error","message":"OAuth \"Facebook Platform\" \"invalid_token\" \"Malformed access token ACCESS_TOKEN\""}
{
  message: 'OAuth "Facebook Platform" "invalid_token" "Malformed access token ACCESS_TOKEN"',
  level: 'error'
}
{
  message: 'OAuth "Facebook Platform" "invalid_token" "Malformed access token ACCESS_TOKEN"',
  level: 'error',
  timestamp: '2024-04-01T13:37:25.152Z',
  ms: '+0ms'
}
{
  data: {
    id: '10163673108419768',
    name: 'Rachel Novoselac',
    last_name: 'Novoselac'
  },
  level: 'info',
  message: 'received data from FB API',
  timestamp: '2024-04-01T13:37:59.562Z',
  ms: '+0ms'
}
{
  message: 'calls every 2 seconds, 4% of total calls used',
  level: 'info',
  timestamp: '2024-04-01T13:37:59.567Z',
  ms: '+5ms'
}
{
  data: {
    id: '10163673108419768',
    name: 'Rachel Novoselac',
    last_name: 'Novoselac'
  },
  level: 'info',
  message: 'received data from FB API',
  timestamp: '2024-04-01T13:43:28.915Z',
  ms: '+0ms'
}
{
  message: 'calls every 2 seconds, 4% of total calls used',
  level: 'info',
  timestamp: '2024-04-01T13:43:28.922Z',
  ms: '+7ms'
}
{
  data: {
    id: '10163673108419768',
    name: 'Rachel Novoselac',
    last_name: 'Novoselac'
  },
  level: 'info',
  message: 'received data from FB API',
  timestamp: '2024-04-01T13:43:31.147Z',
  ms: '+2s'
}
{
  message: 'calls every 2 seconds, 5% of total calls used',
  level: 'info',
  timestamp: '2024-04-01T13:43:31.148Z',
  ms: '+1ms'
}
{
  data: {
    id: '10163673108419768',
    name: 'Rachel Novoselac',
    last_name: 'Novoselac'
  },
  level: 'info',
  message: 'received data from FB API',
  timestamp: '2024-04-01T13:45:50.991Z',
  ms: '+0ms'
}
{
  message: 'calls every 2 seconds, 5% of total calls used',
  level: 'info',
  timestamp: '2024-04-01T13:45:50.998Z',
  ms: '+7ms'
}
{
  data: {
    id: '10163673108419768',
    name: 'Rachel Novoselac',
    last_name: 'Novoselac'
  },
  level: 'info',
  message: 'received data from FB API',
  timestamp: '2024-04-01T14:11:37.450Z',
  ms: '+0ms'
}
{
  message: 'calls every 2 seconds, 6% of total calls used',
  level: 'info',
  timestamp: '2024-04-01T14:11:37.457Z',
  ms: '+7ms'
}
{
  data: {
    id: '10163673108419768',
    name: 'Rachel Novoselac',
    last_name: 'Novoselac'
  },
  level: 'info',
  message: 'received data from FB API',
  timestamp: '2024-04-01T14:11:39.779Z',
  ms: '+2s'
}
{
  message: 'calls every 2 seconds, 6% of total calls used',
  level: 'info',
  timestamp: '2024-04-01T14:11:39.780Z',
  ms: '+1ms'
}
{
  data: {
    id: '10163673108419768',
    name: 'Rachel Novoselac',
    last_name: 'Novoselac'
  },
  level: 'info',
  message: 'received data from FB API',
  timestamp: '2024-04-01T14:11:42.400Z',
  ms: '+3s'
}
{
  message: 'calls every 2 seconds, 7% of total calls used',
  level: 'info',
  timestamp: '2024-04-01T14:11:42.401Z',
  ms: '+1ms'
}
{
  data: {
    id: '10163673108419768',
    name: 'Rachel Novoselac',
    last_name: 'Novoselac'
  },
  level: 'info',
  message: 'received data from FB API',
  timestamp: '2024-04-01T14:11:44.688Z',
  ms: '+2s'
}
{
  message: 'calls every 2 seconds, 7% of total calls used',
  level: 'info',
  timestamp: '2024-04-01T14:11:44.690Z',
  ms: '+2ms'
}
{
  data: {
    id: '10163673108419768',
    name: 'Rachel Novoselac',
    last_name: 'Novoselac'
  },
  level: 'info',
  message: 'received data from FB API',
  timestamp: '2024-04-01T14:11:46.855Z',
  ms: '+2s'
}
{
  message: 'calls every 2 seconds, 7% of total calls used',
  level: 'info',
  timestamp: '2024-04-01T14:11:46.857Z',
  ms: '+2ms'
}
{
  data: {
    id: '10163673108419768',
    name: 'Rachel Novoselac',
    last_name: 'Novoselac'
  },
  level: 'info',
  message: 'received data from FB API',
  timestamp: '2024-04-01T14:11:49.087Z',
  ms: '+2s'
}
{
  message: 'calls every 2 seconds, 8% of total calls used',
  level: 'info',
  timestamp: '2024-04-01T14:11:49.089Z',
  ms: '+2ms'
}
{
  data: {
    id: '10163673108419768',
    name: 'Rachel Novoselac',
    last_name: 'Novoselac'
  },
  level: 'info',
  message: 'received data from FB API',
  timestamp: '2024-04-01T14:11:51.500Z',
  ms: '+2s'
}
{
  message: 'calls every 2 seconds, 8% of total calls used',
  level: 'info',
  timestamp: '2024-04-01T14:11:51.501Z',
  ms: '+1ms'
}
{
  data: {
    id: '10163673108419768',
    name: 'Rachel Novoselac',
    last_name: 'Novoselac'
  },
  level: 'info',
  message: 'received data from FB API',
  timestamp: '2024-04-01T14:11:53.684Z',
  ms: '+2s'
}
{
  message: 'calls every 2 seconds, 9% of total calls used',
  level: 'info',
  timestamp: '2024-04-01T14:11:53.686Z',
  ms: '+2ms'
}
{
  data: {
    id: '10163673108419768',
    name: 'Rachel Novoselac',
    last_name: 'Novoselac'
  },
  level: 'info',
  message: 'received data from FB API',
  timestamp: '2024-04-01T14:11:55.847Z',
  ms: '+2s'
}
{
  message: 'calls every 2 seconds, 9% of total calls used',
  level: 'info',
  timestamp: '2024-04-01T14:11:55.848Z',
  ms: '+1ms'
}
{
  data: {
    id: '10163673108419768',
    name: 'Rachel Novoselac',
    last_name: 'Novoselac'
  },
  level: 'info',
  message: 'received data from FB API',
  timestamp: '2024-04-01T14:11:58.131Z',
  ms: '+2s'
}
{
  message: 'calls every 2 seconds, 10% of total calls used',
  level: 'info',
  timestamp: '2024-04-01T14:11:58.133Z',
  ms: '+1ms'
}
{
  data: {
    id: '10163673108419768',
    name: 'Rachel Novoselac',
    last_name: 'Novoselac'
  },
  level: 'info',
  message: 'received data from FB API',
  timestamp: '2024-04-01T14:12:00.407Z',
  ms: '+2s'
}
{
  message: 'calls every 2 seconds, 10% of total calls used',
  level: 'info',
  timestamp: '2024-04-01T14:12:00.408Z',
  ms: '+1ms'
}
{
  data: {
    id: '10163673108419768',
    name: 'Rachel Novoselac',
    last_name: 'Novoselac'
  },
  level: 'info',
  message: 'received data from FB API',
  timestamp: '2024-04-01T14:12:02.590Z',
  ms: '+2s'
}
{
  message: 'calls every 2 seconds, 10% of total calls used',
  level: 'info',
  timestamp: '2024-04-01T14:12:02.591Z',
  ms: '+1ms'
}
{
  data: {
    id: '10163673108419768',
    name: 'Rachel Novoselac',
    last_name: 'Novoselac'
  },
  level: 'info',
  message: 'received data from FB API',
  timestamp: '2024-04-01T14:12:05.365Z',
  ms: '+3s'
}
{
  message: 'calls every 2 seconds, 11% of total calls used',
  level: 'info',
  timestamp: '2024-04-01T14:12:05.366Z',
  ms: '+1ms'
}
{
  data: {
    id: '10163673108419768',
    name: 'Rachel Novoselac',
    last_name: 'Novoselac'
  },
  level: 'info',
  message: 'received data from FB API',
  timestamp: '2024-04-01T14:12:07.569Z',
  ms: '+2s'
}
{
  message: 'calls every 2 seconds, 11% of total calls used',
  level: 'info',
  timestamp: '2024-04-01T14:12:07.570Z',
  ms: '+1ms'
}
{
  data: {
    id: '10163673108419768',
    name: 'Rachel Novoselac',
    last_name: 'Novoselac'
  },
  level: 'info',
  message: 'received data from FB API',
  timestamp: '2024-04-01T14:12:09.942Z',
  ms: '+2s'
}
{
  message: 'calls every 2 seconds, 12% of total calls used',
  level: 'info',
  timestamp: '2024-04-01T14:12:09.942Z',
  ms: '+0ms'
}
{
  data: {
    id: '10163673108419768',
    name: 'Rachel Novoselac',
    last_name: 'Novoselac'
  },
  level: 'info',
  message: 'received data from FB API',
  timestamp: '2024-04-01T14:12:12.110Z',
  ms: '+2s'
}
{
  message: 'calls every 2 seconds, 12% of total calls used',
  level: 'info',
  timestamp: '2024-04-01T14:12:12.111Z',
  ms: '+1ms'
}
{
  data: {
    id: '10163673108419768',
    name: 'Rachel Novoselac',
    last_name: 'Novoselac'
  },
  level: 'info',
  message: 'received data from FB API',
  timestamp: '2024-04-01T14:12:14.258Z',
  ms: '+2s'
}
{
  message: 'calls every 2 seconds, 12% of total calls used',
  level: 'info',
  timestamp: '2024-04-01T14:12:14.259Z',
  ms: '+1ms'
}
{
  data: {
    id: '10163673108419768',
    name: 'Rachel Novoselac',
    last_name: 'Novoselac'
  },
  level: 'info',
  message: 'received data from FB API',
  timestamp: '2024-04-01T14:12:16.527Z',
  ms: '+2s'
}
{
  message: 'calls every 2 seconds, 13% of total calls used',
  level: 'info',
  timestamp: '2024-04-01T14:12:16.529Z',
  ms: '+2ms'
}
{
  data: {
    id: '10163673108419768',
    name: 'Rachel Novoselac',
    last_name: 'Novoselac'
  },
  level: 'info',
  message: 'received data from FB API',
  timestamp: '2024-04-01T14:12:18.761Z',
  ms: '+2s'
}
{
  message: 'calls every 2 seconds, 13% of total calls used',
  level: 'info',
  timestamp: '2024-04-01T14:12:18.762Z',
  ms: '+1ms'
}
{
  data: {
    id: '10163673108419768',
    name: 'Rachel Novoselac',
    last_name: 'Novoselac'
  },
  level: 'info',
  message: 'received data from FB API',
  timestamp: '2024-04-01T14:12:20.980Z',
  ms: '+2s'
}
{
  message: 'calls every 2 seconds, 14% of total calls used',
  level: 'info',
  timestamp: '2024-04-01T14:12:20.981Z',
  ms: '+1ms'
}
{
  data: {
    id: '10163673108419768',
    name: 'Rachel Novoselac',
    last_name: 'Novoselac'
  },
  level: 'info',
  message: 'received data from FB API',
  timestamp: '2024-04-01T14:12:23.122Z',
  ms: '+2s'
}
{
  message: 'calls every 2 seconds, 14% of total calls used',
  level: 'info',
  timestamp: '2024-04-01T14:12:23.123Z',
  ms: '+1ms'
}
{
  data: {
    id: '10163673108419768',
    name: 'Rachel Novoselac',
    last_name: 'Novoselac'
  },
  level: 'info',
  message: 'received data from FB API',
  timestamp: '2024-04-01T14:12:25.291Z',
  ms: '+2s'
}
{
  message: 'calls every 2 seconds, 15% of total calls used',
  level: 'info',
  timestamp: '2024-04-01T14:12:25.292Z',
  ms: '+1ms'
}
{
  data: {
    id: '10163673108419768',
    name: 'Rachel Novoselac',
    last_name: 'Novoselac'
  },
  level: 'info',
  message: 'received data from FB API',
  timestamp: '2024-04-01T14:12:27.590Z',
  ms: '+2s'
}
{
  message: 'calls every 2 seconds, 15% of total calls used',
  level: 'info',
  timestamp: '2024-04-01T14:12:27.590Z',
  ms: '+0ms'
}
{
  data: {
    id: '10163673108419768',
    name: 'Rachel Novoselac',
    last_name: 'Novoselac'
  },
  level: 'info',
  message: 'received data from FB API',
  timestamp: '2024-04-01T14:12:29.735Z',
  ms: '+2s'
}
{
  message: 'calls every 2 seconds, 15% of total calls used',
  level: 'info',
  timestamp: '2024-04-01T14:12:29.736Z',
  ms: '+1ms'
}
{
  data: {
    id: '10163673108419768',
    name: 'Rachel Novoselac',
    last_name: 'Novoselac'
  },
  level: 'info',
  message: 'received data from FB API',
  timestamp: '2024-04-01T14:12:31.908Z',
  ms: '+2s'
}
{
  message: 'calls every 2 seconds, 16% of total calls used',
  level: 'info',
  timestamp: '2024-04-01T14:12:31.909Z',
  ms: '+1ms'
}
{
  data: {
    id: '10163673108419768',
    name: 'Rachel Novoselac',
    last_name: 'Novoselac'
  },
  level: 'info',
  message: 'received data from FB API',
  timestamp: '2024-04-01T14:12:34.070Z',
  ms: '+2s'
}
{
  message: 'calls every 2 seconds, 16% of total calls used',
  level: 'info',
  timestamp: '2024-04-01T14:12:34.071Z',
  ms: '+1ms'
}
{
  data: {
    id: '10163673108419768',
    name: 'Rachel Novoselac',
    last_name: 'Novoselac'
  },
  level: 'info',
  message: 'received data from FB API',
  timestamp: '2024-04-01T14:12:36.304Z',
  ms: '+2s'
}
{
  message: 'calls every 2 seconds, 17% of total calls used',
  level: 'info',
  timestamp: '2024-04-01T14:12:36.305Z',
  ms: '+1ms'
}
{
  data: {
    id: '10163673108419768',
    name: 'Rachel Novoselac',
    last_name: 'Novoselac'
  },
  level: 'info',
  message: 'received data from FB API',
  timestamp: '2024-04-01T14:12:38.623Z',
  ms: '+2s'
}
{
  message: 'calls every 2 seconds, 17% of total calls used',
  level: 'info',
  timestamp: '2024-04-01T14:12:38.624Z',
  ms: '+1ms'
}
{
  data: {
    id: '10163673108419768',
    name: 'Rachel Novoselac',
    last_name: 'Novoselac'
  },
  level: 'info',
  message: 'received data from FB API',
  timestamp: '2024-04-01T14:12:40.803Z',
  ms: '+2s'
}
{
  message: 'calls every 2 seconds, 17% of total calls used',
  level: 'info',
  timestamp: '2024-04-01T14:12:40.804Z',
  ms: '+1ms'
}
{
  data: {
    id: '10163673108419768',
    name: 'Rachel Novoselac',
    last_name: 'Novoselac'
  },
  level: 'info',
  message: 'received data from FB API',
  timestamp: '2024-04-01T14:12:42.997Z',
  ms: '+2s'
}
{
  message: 'calls every 2 seconds, 18% of total calls used',
  level: 'info',
  timestamp: '2024-04-01T14:12:42.998Z',
  ms: '+1ms'
}
{
  data: {
    id: '10163673108419768',
    name: 'Rachel Novoselac',
    last_name: 'Novoselac'
  },
  level: 'info',
  message: 'received data from FB API',
  timestamp: '2024-04-01T14:12:45.133Z',
  ms: '+2s'
}
{
  message: 'calls every 2 seconds, 18% of total calls used',
  level: 'info',
  timestamp: '2024-04-01T14:12:45.134Z',
  ms: '+1ms'
}
{
  data: {
    id: '10163673108419768',
    name: 'Rachel Novoselac',
    last_name: 'Novoselac'
  },
  level: 'info',
  message: 'received data from FB API',
  timestamp: '2024-04-01T14:12:47.412Z',
  ms: '+2s'
}
{
  message: 'calls every 2 seconds, 19% of total calls used',
  level: 'info',
  timestamp: '2024-04-01T14:12:47.413Z',
  ms: '+1ms'
}
{
  data: {
    id: '10163673108419768',
    name: 'Rachel Novoselac',
    last_name: 'Novoselac'
  },
  level: 'info',
  message: 'received data from FB API',
  timestamp: '2024-04-01T14:12:49.679Z',
  ms: '+2s'
}
{
  message: 'calls every 2 seconds, 19% of total calls used',
  level: 'info',
  timestamp: '2024-04-01T14:12:49.680Z',
  ms: '+1ms'
}
{
  data: {
    id: '10163673108419768',
    name: 'Rachel Novoselac',
    last_name: 'Novoselac'
  },
  level: 'info',
  message: 'received data from FB API',
  timestamp: '2024-04-01T14:12:51.873Z',
  ms: '+2s'
}
{
  message: 'calls every 2 seconds, 20% of total calls used',
  level: 'info',
  timestamp: '2024-04-01T14:12:51.874Z',
  ms: '+1ms'
}
{
  data: {
    id: '10163673108419768',
    name: 'Rachel Novoselac',
    last_name: 'Novoselac'
  },
  level: 'info',
  message: 'received data from FB API',
  timestamp: '2024-04-01T14:12:54.325Z',
  ms: '+2s'
}
{
  message: 'calls every 2 seconds, 20% of total calls used',
  level: 'info',
  timestamp: '2024-04-01T14:12:54.326Z',
  ms: '+1ms'
}
{
  data: {
    id: '10163673108419768',
    name: 'Rachel Novoselac',
    last_name: 'Novoselac'
  },
  level: 'info',
  message: 'received data from FB API',
  timestamp: '2024-04-01T14:12:56.499Z',
  ms: '+2s'
}
{
  message: 'calls every 2 seconds, 20% of total calls used',
  level: 'info',
  timestamp: '2024-04-01T14:12:56.500Z',
  ms: '+1ms'
}
{
  data: {
    id: '10163673108419768',
    name: 'Rachel Novoselac',
    last_name: 'Novoselac'
  },
  level: 'info',
  message: 'received data from FB API',
  timestamp: '2024-04-01T14:12:58.671Z',
  ms: '+2s'
}
{
  message: 'calls every 2 seconds, 21% of total calls used',
  level: 'info',
  timestamp: '2024-04-01T14:12:58.672Z',
  ms: '+1ms'
}
{
  data: {
    id: '10163673108419768',
    name: 'Rachel Novoselac',
    last_name: 'Novoselac'
  },
  level: 'info',
  message: 'received data from FB API',
  timestamp: '2024-04-01T14:13:00.840Z',
  ms: '+2s'
}
{
  message: 'calls every 2 seconds, 21% of total calls used',
  level: 'info',
  timestamp: '2024-04-01T14:13:00.841Z',
  ms: '+1ms'
}
{
  data: {
    id: '10163673108419768',
    name: 'Rachel Novoselac',
    last_name: 'Novoselac'
  },
  level: 'info',
  message: 'received data from FB API',
  timestamp: '2024-04-01T14:13:03.009Z',
  ms: '+2s'
}
{
  message: 'calls every 2 seconds, 22% of total calls used',
  level: 'info',
  timestamp: '2024-04-01T14:13:03.010Z',
  ms: '+1ms'
}
{
  data: {
    id: '10163673108419768',
    name: 'Rachel Novoselac',
    last_name: 'Novoselac'
  },
  level: 'info',
  message: 'received data from FB API',
  timestamp: '2024-04-01T14:13:05.628Z',
  ms: '+3s'
}
{
  message: 'calls every 2 seconds, 22% of total calls used',
  level: 'info',
  timestamp: '2024-04-01T14:13:05.629Z',
  ms: '+1ms'
}
{
  data: {
    id: '10163673108419768',
    name: 'Rachel Novoselac',
    last_name: 'Novoselac'
  },
  level: 'info',
  message: 'received data from FB API',
  timestamp: '2024-04-01T14:13:07.881Z',
  ms: '+2s'
}
{
  message: 'calls every 2 seconds, 22% of total calls used',
  level: 'info',
  timestamp: '2024-04-01T14:13:07.882Z',
  ms: '+1ms'
}
{
  data: {
    id: '10163673108419768',
    name: 'Rachel Novoselac',
    last_name: 'Novoselac'
  },
  level: 'info',
  message: 'received data from FB API',
  timestamp: '2024-04-01T14:13:10.124Z',
  ms: '+2s'
}
{
  message: 'calls every 2 seconds, 23% of total calls used',
  level: 'info',
  timestamp: '2024-04-01T14:13:10.125Z',
  ms: '+1ms'
}
{
  data: {
    id: '10163673108419768',
    name: 'Rachel Novoselac',
    last_name: 'Novoselac'
  },
  level: 'info',
  message: 'received data from FB API',
  timestamp: '2024-04-01T14:13:12.399Z',
  ms: '+2s'
}
{
  message: 'calls every 2 seconds, 23% of total calls used',
  level: 'info',
  timestamp: '2024-04-01T14:13:12.399Z',
  ms: '+0ms'
}
{
  data: {
    id: '10163673108419768',
    name: 'Rachel Novoselac',
    last_name: 'Novoselac'
  },
  level: 'info',
  message: 'received data from FB API',
  timestamp: '2024-04-01T14:13:14.669Z',
  ms: '+2s'
}
{
  message: 'calls every 2 seconds, 24% of total calls used',
  level: 'info',
  timestamp: '2024-04-01T14:13:14.670Z',
  ms: '+0ms'
}
{
  data: {
    id: '10163673108419768',
    name: 'Rachel Novoselac',
    last_name: 'Novoselac'
  },
  level: 'info',
  message: 'received data from FB API',
  timestamp: '2024-04-01T14:13:17.037Z',
  ms: '+2s'
}
{
  message: 'calls every 2 seconds, 24% of total calls used',
  level: 'info',
  timestamp: '2024-04-01T14:13:17.037Z',
  ms: '+0ms'
}
{
  data: {
    id: '10163673108419768',
    name: 'Rachel Novoselac',
    last_name: 'Novoselac'
  },
  level: 'info',
  message: 'received data from FB API',
  timestamp: '2024-04-01T14:13:19.259Z',
  ms: '+2s'
}
{
  message: 'calls every 2 seconds, 25% of total calls used',
  level: 'info',
  timestamp: '2024-04-01T14:13:19.261Z',
  ms: '+1ms'
}
{
  data: {
    id: '10163673108419768',
    name: 'Rachel Novoselac',
    last_name: 'Novoselac'
  },
  level: 'info',
  message: 'received data from FB API',
  timestamp: '2024-04-01T14:13:21.611Z',
  ms: '+2s'
}
{
  message: 'calls every 2 seconds, 25% of total calls used',
  level: 'info',
  timestamp: '2024-04-01T14:13:21.612Z',
  ms: '+1ms'
}
{
  data: {
    id: '10163673108419768',
    name: 'Rachel Novoselac',
    last_name: 'Novoselac'
  },
  level: 'info',
  message: 'received data from FB API',
  timestamp: '2024-04-01T14:13:23.774Z',
  ms: '+2s'
}
{
  message: 'calls every 2 seconds, 25% of total calls used',
  level: 'info',
  timestamp: '2024-04-01T14:13:23.774Z',
  ms: '+1ms'
}
{
  data: {
    id: '10163673108419768',
    name: 'Rachel Novoselac',
    last_name: 'Novoselac'
  },
  level: 'info',
  message: 'received data from FB API',
  timestamp: '2024-04-01T14:13:25.951Z',
  ms: '+2s'
}
{
  message: 'calls every 2 seconds, 26% of total calls used',
  level: 'info',
  timestamp: '2024-04-01T14:13:25.952Z',
  ms: '+1ms'
}
{
  data: {
    id: '10163673108419768',
    name: 'Rachel Novoselac',
    last_name: 'Novoselac'
  },
  level: 'info',
  message: 'received data from FB API',
  timestamp: '2024-04-01T14:13:28.303Z',
  ms: '+2s'
}
{
  message: 'calls every 2 seconds, 26% of total calls used',
  level: 'info',
  timestamp: '2024-04-01T14:13:28.304Z',
  ms: '+1ms'
}
{
  data: {
    id: '10163673108419768',
    name: 'Rachel Novoselac',
    last_name: 'Novoselac'
  },
  level: 'info',
  message: 'received data from FB API',
  timestamp: '2024-04-01T14:13:30.570Z',
  ms: '+2s'
}
{
  message: 'calls every 2 seconds, 27% of total calls used',
  level: 'info',
  timestamp: '2024-04-01T14:13:30.571Z',
  ms: '+1ms'
}
{
  data: {
    id: '10163673108419768',
    name: 'Rachel Novoselac',
    last_name: 'Novoselac'
  },
  level: 'info',
  message: 'received data from FB API',
  timestamp: '2024-04-01T14:13:33.022Z',
  ms: '+2s'
}
{
  message: 'calls every 2 seconds, 27% of total calls used',
  level: 'info',
  timestamp: '2024-04-01T14:13:33.023Z',
  ms: '+1ms'
}
{
  data: {
    id: '10163673108419768',
    name: 'Rachel Novoselac',
    last_name: 'Novoselac'
  },
  level: 'info',
  message: 'received data from FB API',
  timestamp: '2024-04-01T14:13:35.268Z',
  ms: '+2s'
}
{
  message: 'calls every 2 seconds, 27% of total calls used',
  level: 'info',
  timestamp: '2024-04-01T14:13:35.268Z',
  ms: '+0ms'
}
{
  data: {
    id: '10163673108419768',
    name: 'Rachel Novoselac',
    last_name: 'Novoselac'
  },
  level: 'info',
  message: 'received data from FB API',
  timestamp: '2024-04-01T14:13:37.815Z',
  ms: '+3s'
}
{
  message: 'calls every 2 seconds, 28% of total calls used',
  level: 'info',
  timestamp: '2024-04-01T14:13:37.816Z',
  ms: '+1ms'
}
{
  data: {
    id: '10163673108419768',
    name: 'Rachel Novoselac',
    last_name: 'Novoselac'
  },
  level: 'info',
  message: 'received data from FB API',
  timestamp: '2024-04-01T14:13:39.981Z',
  ms: '+2s'
}
{
  message: 'calls every 2 seconds, 28% of total calls used',
  level: 'info',
  timestamp: '2024-04-01T14:13:39.981Z',
  ms: '+0ms'
}
{
  data: {
    id: '10163673108419768',
    name: 'Rachel Novoselac',
    last_name: 'Novoselac'
  },
  level: 'info',
  message: 'received data from FB API',
  timestamp: '2024-04-01T14:13:42.153Z',
  ms: '+2s'
}
{
  message: 'calls every 2 seconds, 29% of total calls used',
  level: 'info',
  timestamp: '2024-04-01T14:13:42.154Z',
  ms: '+1ms'
}
{
  data: {
    id: '10163673108419768',
    name: 'Rachel Novoselac',
    last_name: 'Novoselac'
  },
  level: 'info',
  message: 'received data from FB API',
  timestamp: '2024-04-01T14:13:44.307Z',
  ms: '+2s'
}
{
  message: 'calls every 2 seconds, 29% of total calls used',
  level: 'info',
  timestamp: '2024-04-01T14:13:44.308Z',
  ms: '+1ms'
}
{
  data: {
    id: '10163673108419768',
    name: 'Rachel Novoselac',
    last_name: 'Novoselac'
  },
  level: 'info',
  message: 'received data from FB API',
  timestamp: '2024-04-01T14:13:46.520Z',
  ms: '+2s'
}
{
  message: 'calls every 2 seconds, 30% of total calls used',
  level: 'info',
  timestamp: '2024-04-01T14:13:46.521Z',
  ms: '+1ms'
}
{
  data: {
    id: '10163673108419768',
    name: 'Rachel Novoselac',
    last_name: 'Novoselac'
  },
  level: 'info',
  message: 'received data from FB API',
  timestamp: '2024-04-01T14:13:48.763Z',
  ms: '+2s'
}
{
  message: 'calls every 2 seconds, 30% of total calls used',
  level: 'info',
  timestamp: '2024-04-01T14:13:48.765Z',
  ms: '+2ms'
}
{
  data: {
    id: '10163673108419768',
    name: 'Rachel Novoselac',
    last_name: 'Novoselac'
  },
  level: 'info',
  message: 'received data from FB API',
  timestamp: '2024-04-01T14:13:50.985Z',
  ms: '+2s'
}
{
  message: 'calls every 2 seconds, 30% of total calls used',
  level: 'info',
  timestamp: '2024-04-01T14:13:50.986Z',
  ms: '+1ms'
}
{
  data: {
    id: '10163673108419768',
    name: 'Rachel Novoselac',
    last_name: 'Novoselac'
  },
  level: 'info',
  message: 'received data from FB API',
  timestamp: '2024-04-01T14:13:53.147Z',
  ms: '+2s'
}
{
  message: 'calls every 2 seconds, 31% of total calls used',
  level: 'info',
  timestamp: '2024-04-01T14:13:53.148Z',
  ms: '+1ms'
}
{
  data: {
    id: '10163673108419768',
    name: 'Rachel Novoselac',
    last_name: 'Novoselac'
  },
  level: 'info',
  message: 'received data from FB API',
  timestamp: '2024-04-01T14:13:55.303Z',
  ms: '+2s'
}
{
  message: 'calls every 2 seconds, 31% of total calls used',
  level: 'info',
  timestamp: '2024-04-01T14:13:55.304Z',
  ms: '+1ms'
}
{
  data: {
    id: '10163673108419768',
    name: 'Rachel Novoselac',
    last_name: 'Novoselac'
  },
  level: 'info',
  message: 'received data from FB API',
  timestamp: '2024-04-01T14:13:57.658Z',
  ms: '+2s'
}
{
  message: 'calls every 2 seconds, 32% of total calls used',
  level: 'info',
  timestamp: '2024-04-01T14:13:57.658Z',
  ms: '+0ms'
}
{
  data: {
    id: '10163673108419768',
    name: 'Rachel Novoselac',
    last_name: 'Novoselac'
  },
  level: 'info',
  message: 'received data from FB API',
  timestamp: '2024-04-01T14:13:59.898Z',
  ms: '+2s'
}
{
  message: 'calls every 2 seconds, 32% of total calls used',
  level: 'info',
  timestamp: '2024-04-01T14:13:59.899Z',
  ms: '+1ms'
}
{
  data: {
    id: '10163673108419768',
    name: 'Rachel Novoselac',
    last_name: 'Novoselac'
  },
  level: 'info',
  message: 'received data from FB API',
  timestamp: '2024-04-01T14:14:02.072Z',
  ms: '+2s'
}
{
  message: 'calls every 2 seconds, 32% of total calls used',
  level: 'info',
  timestamp: '2024-04-01T14:14:02.074Z',
  ms: '+2ms'
}
{
  data: {
    id: '10163673108419768',
    name: 'Rachel Novoselac',
    last_name: 'Novoselac'
  },
  level: 'info',
  message: 'received data from FB API',
  timestamp: '2024-04-01T14:14:04.316Z',
  ms: '+2s'
}
{
  message: 'calls every 2 seconds, 33% of total calls used',
  level: 'info',
  timestamp: '2024-04-01T14:14:04.318Z',
  ms: '+2ms'
}
{
  data: {
    id: '10163673108419768',
    name: 'Rachel Novoselac',
    last_name: 'Novoselac'
  },
  level: 'info',
  message: 'received data from FB API',
  timestamp: '2024-04-01T14:14:06.576Z',
  ms: '+2s'
}
{
  message: 'calls every 2 seconds, 33% of total calls used',
  level: 'info',
  timestamp: '2024-04-01T14:14:06.577Z',
  ms: '+1ms'
}
{
  data: {
    id: '10163673108419768',
    name: 'Rachel Novoselac',
    last_name: 'Novoselac'
  },
  level: 'info',
  message: 'received data from FB API',
  timestamp: '2024-04-01T14:14:08.847Z',
  ms: '+2s'
}
{
  message: 'calls every 2 seconds, 34% of total calls used',
  level: 'info',
  timestamp: '2024-04-01T14:14:08.848Z',
  ms: '+1ms'
}
{
  data: {
    id: '10163673108419768',
    name: 'Rachel Novoselac',
    last_name: 'Novoselac'
  },
  level: 'info',
  message: 'received data from FB API',
  timestamp: '2024-04-01T14:14:11.025Z',
  ms: '+2s'
}
{
  message: 'calls every 2 seconds, 34% of total calls used',
  level: 'info',
  timestamp: '2024-04-01T14:14:11.026Z',
  ms: '+1ms'
}
{
  data: {
    id: '10163673108419768',
    name: 'Rachel Novoselac',
    last_name: 'Novoselac'
  },
  level: 'info',
  message: 'received data from FB API',
  timestamp: '2024-04-01T14:14:13.390Z',
  ms: '+2s'
}
{
  message: 'calls every 2 seconds, 35% of total calls used',
  level: 'info',
  timestamp: '2024-04-01T14:14:13.393Z',
  ms: '+3ms'
}
{
  data: {
    id: '10163673108419768',
    name: 'Rachel Novoselac',
    last_name: 'Novoselac'
  },
  level: 'info',
  message: 'received data from FB API',
  timestamp: '2024-04-01T14:14:15.639Z',
  ms: '+2s'
}
{
  message: 'calls every 2 seconds, 35% of total calls used',
  level: 'info',
  timestamp: '2024-04-01T14:14:15.640Z',
  ms: '+1ms'
}
{
  data: {
    id: '10163673108419768',
    name: 'Rachel Novoselac',
    last_name: 'Novoselac'
  },
  level: 'info',
  message: 'received data from FB API',
  timestamp: '2024-04-01T14:14:17.863Z',
  ms: '+2s'
}
{
  message: 'calls every 2 seconds, 35% of total calls used',
  level: 'info',
  timestamp: '2024-04-01T14:14:17.864Z',
  ms: '+1ms'
}
{
  data: {
    id: '10163673108419768',
    name: 'Rachel Novoselac',
    last_name: 'Novoselac'
  },
  level: 'info',
  message: 'received data from FB API',
  timestamp: '2024-04-01T14:14:20.063Z',
  ms: '+2s'
}
{
  message: 'calls every 2 seconds, 36% of total calls used',
  level: 'info',
  timestamp: '2024-04-01T14:14:20.063Z',
  ms: '+0ms'
}
{
  data: {
    id: '10163673108419768',
    name: 'Rachel Novoselac',
    last_name: 'Novoselac'
  },
  level: 'info',
  message: 'received data from FB API',
  timestamp: '2024-04-01T14:14:22.300Z',
  ms: '+2s'
}
{
  message: 'calls every 2 seconds, 36% of total calls used',
  level: 'info',
  timestamp: '2024-04-01T14:14:22.300Z',
  ms: '+0ms'
}
{
  data: {
    id: '10163673108419768',
    name: 'Rachel Novoselac',
    last_name: 'Novoselac'
  },
  level: 'info',
  message: 'received data from FB API',
  timestamp: '2024-04-01T14:14:24.548Z',
  ms: '+2s'
}
{
  message: 'calls every 2 seconds, 37% of total calls used',
  level: 'info',
  timestamp: '2024-04-01T14:14:24.549Z',
  ms: '+1ms'
}
{
  data: {
    id: '10163673108419768',
    name: 'Rachel Novoselac',
    last_name: 'Novoselac'
  },
  level: 'info',
  message: 'received data from FB API',
  timestamp: '2024-04-01T14:14:26.725Z',
  ms: '+2s'
}
{
  message: 'calls every 2 seconds, 37% of total calls used',
  level: 'info',
  timestamp: '2024-04-01T14:14:26.726Z',
  ms: '+1ms'
}
{
  data: {
    id: '10163673108419768',
    name: 'Rachel Novoselac',
    last_name: 'Novoselac'
  },
  level: 'info',
  message: 'received data from FB API',
  timestamp: '2024-04-01T14:14:28.894Z',
  ms: '+2s'
}
{
  message: 'calls every 2 seconds, 37% of total calls used',
  level: 'info',
  timestamp: '2024-04-01T14:14:28.895Z',
  ms: '+1ms'
}
{
  data: {
    id: '10163673108419768',
    name: 'Rachel Novoselac',
    last_name: 'Novoselac'
  },
  level: 'info',
  message: 'received data from FB API',
  timestamp: '2024-04-01T14:14:31.099Z',
  ms: '+2s'
}
{
  message: 'calls every 2 seconds, 38% of total calls used',
  level: 'info',
  timestamp: '2024-04-01T14:14:31.099Z',
  ms: '+0ms'
}
{
  data: {
    id: '10163673108419768',
    name: 'Rachel Novoselac',
    last_name: 'Novoselac'
  },
  level: 'info',
  message: 'received data from FB API',
  timestamp: '2024-04-01T14:14:33.312Z',
  ms: '+2s'
}
{
  message: 'calls every 2 seconds, 38% of total calls used',
  level: 'info',
  timestamp: '2024-04-01T14:14:33.313Z',
  ms: '+1ms'
}
{
  data: {
    id: '10163673108419768',
    name: 'Rachel Novoselac',
    last_name: 'Novoselac'
  },
  level: 'info',
  message: 'received data from FB API',
  timestamp: '2024-04-01T14:14:35.563Z',
  ms: '+2s'
}
{
  message: 'calls every 2 seconds, 39% of total calls used',
  level: 'info',
  timestamp: '2024-04-01T14:14:35.564Z',
  ms: '+1ms'
}
{
  data: {
    id: '10163673108419768',
    name: 'Rachel Novoselac',
    last_name: 'Novoselac'
  },
  level: 'info',
  message: 'received data from FB API',
  timestamp: '2024-04-01T14:14:37.723Z',
  ms: '+2s'
}
{
  message: 'calls every 2 seconds, 39% of total calls used',
  level: 'info',
  timestamp: '2024-04-01T14:14:37.724Z',
  ms: '+1ms'
}
{
  data: {
    id: '10163673108419768',
    name: 'Rachel Novoselac',
    last_name: 'Novoselac'
  },
  level: 'info',
  message: 'received data from FB API',
  timestamp: '2024-04-01T14:14:39.895Z',
  ms: '+2s'
}
{
  message: 'calls every 2 seconds, 40% of total calls used',
  level: 'info',
  timestamp: '2024-04-01T14:14:39.896Z',
  ms: '+1ms'
}
{
  data: {
    id: '10163673108419768',
    name: 'Rachel Novoselac',
    last_name: 'Novoselac'
  },
  level: 'info',
  message: 'received data from FB API',
  timestamp: '2024-04-01T14:14:42.077Z',
  ms: '+2s'
}
{
  message: 'calls every 2 seconds, 40% of total calls used',
  level: 'info',
  timestamp: '2024-04-01T14:14:42.079Z',
  ms: '+2ms'
}
{
  data: {
    id: '10163673108419768',
    name: 'Rachel Novoselac',
    last_name: 'Novoselac'
  },
  level: 'info',
  message: 'received data from FB API',
  timestamp: '2024-04-01T14:14:44.332Z',
  ms: '+2s'
}
{
  message: 'calls every 2 seconds, 40% of total calls used',
  level: 'info',
  timestamp: '2024-04-01T14:14:44.333Z',
  ms: '+1ms'
}
{
  data: {
    id: '10163673108419768',
    name: 'Rachel Novoselac',
    last_name: 'Novoselac'
  },
  level: 'info',
  message: 'received data from FB API',
  timestamp: '2024-04-01T14:14:46.600Z',
  ms: '+2s'
}
{
  message: 'calls every 2 seconds, 41% of total calls used',
  level: 'info',
  timestamp: '2024-04-01T14:14:46.601Z',
  ms: '+1ms'
}
{
  data: {
    id: '10163673108419768',
    name: 'Rachel Novoselac',
    last_name: 'Novoselac'
  },
  level: 'info',
  message: 'received data from FB API',
  timestamp: '2024-04-01T14:14:48.791Z',
  ms: '+2s'
}
{
  message: 'calls every 2 seconds, 41% of total calls used',
  level: 'info',
  timestamp: '2024-04-01T14:14:48.793Z',
  ms: '+2ms'
}
{
  data: {
    id: '10163673108419768',
    name: 'Rachel Novoselac',
    last_name: 'Novoselac'
  },
  level: 'info',
  message: 'received data from FB API',
  timestamp: '2024-04-01T14:14:53.391Z',
  ms: '+5s'
}
{
  message: 'calls every 2 seconds, 42% of total calls used',
  level: 'info',
  timestamp: '2024-04-01T14:14:53.393Z',
  ms: '+2ms'
}
{
  data: {
    id: '10163673108419768',
    name: 'Rachel Novoselac',
    last_name: 'Novoselac'
  },
  level: 'info',
  message: 'received data from FB API',
  timestamp: '2024-04-01T14:14:55.554Z',
  ms: '+2s'
}
{
  message: 'calls every 2 seconds, 42% of total calls used',
  level: 'info',
  timestamp: '2024-04-01T14:14:55.555Z',
  ms: '+1ms'
}
{
  data: {
    id: '10163673108419768',
    name: 'Rachel Novoselac',
    last_name: 'Novoselac'
  },
  level: 'info',
  message: 'received data from FB API',
  timestamp: '2024-04-01T14:14:57.758Z',
  ms: '+2s'
}
{
  message: 'calls every 2 seconds, 42% of total calls used',
  level: 'info',
  timestamp: '2024-04-01T14:14:57.759Z',
  ms: '+1ms'
}
{
  data: {
    id: '10163673108419768',
    name: 'Rachel Novoselac',
    last_name: 'Novoselac'
  },
  level: 'info',
  message: 'received data from FB API',
  timestamp: '2024-04-01T14:15:00.357Z',
  ms: '+3s'
}
{
  message: 'calls every 2 seconds, 43% of total calls used',
  level: 'info',
  timestamp: '2024-04-01T14:15:00.358Z',
  ms: '+1ms'
}
{
  data: {
    id: '10163673108419768',
    name: 'Rachel Novoselac',
    last_name: 'Novoselac'
  },
  level: 'info',
  message: 'received data from FB API',
  timestamp: '2024-04-01T14:15:02.669Z',
  ms: '+2s'
}
{
  message: 'calls every 2 seconds, 43% of total calls used',
  level: 'info',
  timestamp: '2024-04-01T14:15:02.670Z',
  ms: '+1ms'
}
{
  data: {
    id: '10163673108419768',
    name: 'Rachel Novoselac',
    last_name: 'Novoselac'
  },
  level: 'info',
  message: 'received data from FB API',
  timestamp: '2024-04-01T14:15:04.923Z',
  ms: '+2s'
}
{
  message: 'calls every 2 seconds, 44% of total calls used',
  level: 'info',
  timestamp: '2024-04-01T14:15:04.924Z',
  ms: '+1ms'
}
{
  data: {
    id: '10163673108419768',
    name: 'Rachel Novoselac',
    last_name: 'Novoselac'
  },
  level: 'info',
  message: 'received data from FB API',
  timestamp: '2024-04-01T14:15:07.089Z',
  ms: '+2s'
}
{
  message: 'calls every 2 seconds, 44% of total calls used',
  level: 'info',
  timestamp: '2024-04-01T14:15:07.090Z',
  ms: '+1ms'
}
{
  data: {
    id: '10163673108419768',
    name: 'Rachel Novoselac',
    last_name: 'Novoselac'
  },
  level: 'info',
  message: 'received data from FB API',
  timestamp: '2024-04-01T14:15:09.487Z',
  ms: '+2s'
}
{
  message: 'calls every 2 seconds, 45% of total calls used',
  level: 'info',
  timestamp: '2024-04-01T14:15:09.488Z',
  ms: '+1ms'
}
{
  data: {
    id: '10163673108419768',
    name: 'Rachel Novoselac',
    last_name: 'Novoselac'
  },
  level: 'info',
  message: 'received data from FB API',
  timestamp: '2024-04-01T14:15:11.831Z',
  ms: '+2s'
}
{
  message: 'calls every 2 seconds, 45% of total calls used',
  level: 'info',
  timestamp: '2024-04-01T14:15:11.832Z',
  ms: '+1ms'
}
{
  data: {
    id: '10163673108419768',
    name: 'Rachel Novoselac',
    last_name: 'Novoselac'
  },
  level: 'info',
  message: 'received data from FB API',
  timestamp: '2024-04-01T14:15:14.203Z',
  ms: '+2s'
}
{
  message: 'calls every 2 seconds, 45% of total calls used',
  level: 'info',
  timestamp: '2024-04-01T14:15:14.204Z',
  ms: '+1ms'
}
{
  data: {
    id: '10163673108419768',
    name: 'Rachel Novoselac',
    last_name: 'Novoselac'
  },
  level: 'info',
  message: 'received data from FB API',
  timestamp: '2024-04-01T14:15:16.434Z',
  ms: '+2s'
}
{
  message: 'calls every 2 seconds, 46% of total calls used',
  level: 'info',
  timestamp: '2024-04-01T14:15:16.436Z',
  ms: '+2ms'
}
{
  data: {
    id: '10163673108419768',
    name: 'Rachel Novoselac',
    last_name: 'Novoselac'
  },
  level: 'info',
  message: 'received data from FB API',
  timestamp: '2024-04-01T14:15:18.621Z',
  ms: '+2s'
}
{
  message: 'calls every 2 seconds, 46% of total calls used',
  level: 'info',
  timestamp: '2024-04-01T14:15:18.623Z',
  ms: '+2ms'
}
{
  data: {
    id: '10163673108419768',
    name: 'Rachel Novoselac',
    last_name: 'Novoselac'
  },
  level: 'info',
  message: 'received data from FB API',
  timestamp: '2024-04-01T14:15:20.774Z',
  ms: '+2s'
}
{
  message: 'calls every 2 seconds, 47% of total calls used',
  level: 'info',
  timestamp: '2024-04-01T14:15:20.774Z',
  ms: '+0ms'
}
{
  data: {
    id: '10163673108419768',
    name: 'Rachel Novoselac',
    last_name: 'Novoselac'
  },
  level: 'info',
  message: 'received data from FB API',
  timestamp: '2024-04-01T14:15:22.949Z',
  ms: '+2s'
}
{
  message: 'calls every 2 seconds, 47% of total calls used',
  level: 'info',
  timestamp: '2024-04-01T14:15:22.950Z',
  ms: '+1ms'
}
{
  data: {
    id: '10163673108419768',
    name: 'Rachel Novoselac',
    last_name: 'Novoselac'
  },
  level: 'info',
  message: 'received data from FB API',
  timestamp: '2024-04-01T14:15:25.105Z',
  ms: '+2s'
}
{
  message: 'calls every 2 seconds, 47% of total calls used',
  level: 'info',
  timestamp: '2024-04-01T14:15:25.106Z',
  ms: '+1ms'
}
{
  data: {
    id: '10163673108419768',
    name: 'Rachel Novoselac',
    last_name: 'Novoselac'
  },
  level: 'info',
  message: 'received data from FB API',
  timestamp: '2024-04-01T14:15:27.650Z',
  ms: '+3s'
}
{
  message: 'calls every 2 seconds, 48% of total calls used',
  level: 'info',
  timestamp: '2024-04-01T14:15:27.650Z',
  ms: '+0ms'
}
{
  data: {
    id: '10163673108419768',
    name: 'Rachel Novoselac',
    last_name: 'Novoselac'
  },
  level: 'info',
  message: 'received data from FB API',
  timestamp: '2024-04-01T14:15:29.832Z',
  ms: '+2s'
}
{
  message: 'calls every 2 seconds, 48% of total calls used',
  level: 'info',
  timestamp: '2024-04-01T14:15:29.833Z',
  ms: '+1ms'
}
{
  data: {
    id: '10163673108419768',
    name: 'Rachel Novoselac',
    last_name: 'Novoselac'
  },
  level: 'info',
  message: 'received data from FB API',
  timestamp: '2024-04-01T14:15:32.057Z',
  ms: '+2s'
}
{
  message: 'calls every 2 seconds, 49% of total calls used',
  level: 'info',
  timestamp: '2024-04-01T14:15:32.058Z',
  ms: '+1ms'
}
{
  data: {
    id: '10163673108419768',
    name: 'Rachel Novoselac',
    last_name: 'Novoselac'
  },
  level: 'info',
  message: 'received data from FB API',
  timestamp: '2024-04-01T14:15:34.302Z',
  ms: '+2s'
}
{
  message: 'calls every 2 seconds, 49% of total calls used',
  level: 'info',
  timestamp: '2024-04-01T14:15:34.303Z',
  ms: '+1ms'
}
{
  data: {
    id: '10163673108419768',
    name: 'Rachel Novoselac',
    last_name: 'Novoselac'
  },
  level: 'info',
  message: 'received data from FB API',
  timestamp: '2024-04-01T14:15:36.617Z',
  ms: '+2s'
}
{
  message: 'calls every 2 seconds, 50% of total calls used',
  level: 'info',
  timestamp: '2024-04-01T14:15:36.618Z',
  ms: '+1ms'
}
{
  data: {
    id: '10163673108419768',
    name: 'Rachel Novoselac',
    last_name: 'Novoselac'
  },
  level: 'info',
  message: 'received data from FB API',
  timestamp: '2024-04-01T14:15:38.944Z',
  ms: '+2s'
}
{
  message: 'calls every 2 seconds, 50% of total calls used',
  level: 'info',
  timestamp: '2024-04-01T14:15:38.944Z',
  ms: '+0ms'
}
{
  data: {
    id: '10163673108419768',
    name: 'Rachel Novoselac',
    last_name: 'Novoselac'
  },
  level: 'info',
  message: 'received data from FB API',
  timestamp: '2024-04-01T14:15:41.138Z',
  ms: '+2s'
}
{
  message: 'calls every 2 seconds, 50% of total calls used',
  level: 'info',
  timestamp: '2024-04-01T14:15:41.139Z',
  ms: '+1ms'
}
{
  data: {
    id: '10163673108419768',
    name: 'Rachel Novoselac',
    last_name: 'Novoselac'
  },
  level: 'info',
  message: 'received data from FB API',
  timestamp: '2024-04-01T14:15:43.288Z',
  ms: '+2s'
}
{
  message: 'calls every 2 seconds, 51% of total calls used',
  level: 'info',
  timestamp: '2024-04-01T14:15:43.288Z',
  ms: '+0ms'
}
{
  data: {
    id: '10163673108419768',
    name: 'Rachel Novoselac',
    last_name: 'Novoselac'
  },
  level: 'info',
  message: 'received data from FB API',
  timestamp: '2024-04-01T14:15:45.438Z',
  ms: '+2s'
}
{
  message: 'calls every 2 seconds, 51% of total calls used',
  level: 'info',
  timestamp: '2024-04-01T14:15:45.438Z',
  ms: '+0ms'
}
{
  data: {
    id: '10163673108419768',
    name: 'Rachel Novoselac',
    last_name: 'Novoselac'
  },
  level: 'info',
  message: 'received data from FB API',
  timestamp: '2024-04-01T14:15:47.825Z',
  ms: '+2s'
}
{
  message: 'calls every 2 seconds, 52% of total calls used',
  level: 'info',
  timestamp: '2024-04-01T14:15:47.825Z',
  ms: '+0ms'
}
{
  data: {
    id: '10163673108419768',
    name: 'Rachel Novoselac',
    last_name: 'Novoselac'
  },
  level: 'info',
  message: 'received data from FB API',
  timestamp: '2024-04-01T14:15:50.015Z',
  ms: '+2s'
}
{
  message: 'calls every 2 seconds, 52% of total calls used',
  level: 'info',
  timestamp: '2024-04-01T14:15:50.016Z',
  ms: '+1ms'
}
{
  data: {
    id: '10163673108419768',
    name: 'Rachel Novoselac',
    last_name: 'Novoselac'
  },
  level: 'info',
  message: 'received data from FB API',
  timestamp: '2024-04-01T14:15:52.610Z',
  ms: '+3s'
}
{
  message: 'calls every 2 seconds, 52% of total calls used',
  level: 'info',
  timestamp: '2024-04-01T14:15:52.610Z',
  ms: '+0ms'
}
{
  data: {
    id: '10163673108419768',
    name: 'Rachel Novoselac',
    last_name: 'Novoselac'
  },
  level: 'info',
  message: 'received data from FB API',
  timestamp: '2024-04-01T14:15:54.769Z',
  ms: '+2s'
}
{
  message: 'calls every 2 seconds, 53% of total calls used',
  level: 'info',
  timestamp: '2024-04-01T14:15:54.769Z',
  ms: '+0ms'
}
{
  data: {
    id: '10163673108419768',
    name: 'Rachel Novoselac',
    last_name: 'Novoselac'
  },
  level: 'info',
  message: 'received data from FB API',
  timestamp: '2024-04-01T14:15:56.942Z',
  ms: '+2s'
}
{
  message: 'calls every 2 seconds, 53% of total calls used',
  level: 'info',
  timestamp: '2024-04-01T14:15:56.942Z',
  ms: '+0ms'
}
{
  data: {
    id: '10163673108419768',
    name: 'Rachel Novoselac',
    last_name: 'Novoselac'
  },
  level: 'info',
  message: 'received data from FB API',
  timestamp: '2024-04-01T14:15:59.100Z',
  ms: '+2s'
}
{
  message: 'calls every 2 seconds, 54% of total calls used',
  level: 'info',
  timestamp: '2024-04-01T14:15:59.100Z',
  ms: '+1ms'
}
{
  data: {
    id: '10163673108419768',
    name: 'Rachel Novoselac',
    last_name: 'Novoselac'
  },
  level: 'info',
  message: 'received data from FB API',
  timestamp: '2024-04-01T14:16:01.388Z',
  ms: '+2s'
}
{
  message: 'calls every 2 seconds, 54% of total calls used',
  level: 'info',
  timestamp: '2024-04-01T14:16:01.389Z',
  ms: '+1ms'
}
{
  data: {
    id: '10163673108419768',
    name: 'Rachel Novoselac',
    last_name: 'Novoselac'
  },
  level: 'info',
  message: 'received data from FB API',
  timestamp: '2024-04-01T14:16:03.656Z',
  ms: '+2s'
}
{
  message: 'calls every 2 seconds, 55% of total calls used',
  level: 'info',
  timestamp: '2024-04-01T14:16:03.656Z',
  ms: '+0ms'
}
{
  data: {
    id: '10163673108419768',
    name: 'Rachel Novoselac',
    last_name: 'Novoselac'
  },
  level: 'info',
  message: 'received data from FB API',
  timestamp: '2024-04-01T14:16:05.801Z',
  ms: '+2s'
}
{
  message: 'calls every 2 seconds, 55% of total calls used',
  level: 'info',
  timestamp: '2024-04-01T14:16:05.802Z',
  ms: '+1ms'
}
{
  data: {
    id: '10163673108419768',
    name: 'Rachel Novoselac',
    last_name: 'Novoselac'
  },
  level: 'info',
  message: 'received data from FB API',
  timestamp: '2024-04-01T14:16:08.077Z',
  ms: '+2s'
}
{
  message: 'calls every 2 seconds, 55% of total calls used',
  level: 'info',
  timestamp: '2024-04-01T14:16:08.078Z',
  ms: '+1ms'
}
{
  data: {
    id: '10163673108419768',
    name: 'Rachel Novoselac',
    last_name: 'Novoselac'
  },
  level: 'info',
  message: 'received data from FB API',
  timestamp: '2024-04-01T14:16:10.300Z',
  ms: '+2s'
}
{
  message: 'calls every 2 seconds, 56% of total calls used',
  level: 'info',
  timestamp: '2024-04-01T14:16:10.301Z',
  ms: '+1ms'
}
{
  data: {
    id: '10163673108419768',
    name: 'Rachel Novoselac',
    last_name: 'Novoselac'
  },
  level: 'info',
  message: 'received data from FB API',
  timestamp: '2024-04-01T14:16:12.699Z',
  ms: '+2s'
}
{
  message: 'calls every 2 seconds, 56% of total calls used',
  level: 'info',
  timestamp: '2024-04-01T14:16:12.699Z',
  ms: '+0ms'
}
{
  data: {
    id: '10163673108419768',
    name: 'Rachel Novoselac',
    last_name: 'Novoselac'
  },
  level: 'info',
  message: 'received data from FB API',
  timestamp: '2024-04-01T14:16:15.071Z',
  ms: '+2s'
}
{
  message: 'calls every 2 seconds, 57% of total calls used',
  level: 'info',
  timestamp: '2024-04-01T14:16:15.072Z',
  ms: '+1ms'
}
{
  data: {
    id: '10163673108419768',
    name: 'Rachel Novoselac',
    last_name: 'Novoselac'
  },
  level: 'info',
  message: 'received data from FB API',
  timestamp: '2024-04-01T14:16:17.282Z',
  ms: '+2s'
}
{
  message: 'calls every 2 seconds, 57% of total calls used',
  level: 'info',
  timestamp: '2024-04-01T14:16:17.282Z',
  ms: '+0ms'
}
{
  data: {
    id: '10163673108419768',
    name: 'Rachel Novoselac',
    last_name: 'Novoselac'
  },
  level: 'info',
  message: 'received data from FB API',
  timestamp: '2024-04-01T14:16:19.447Z',
  ms: '+2s'
}
{
  message: 'calls every 2 seconds, 57% of total calls used',
  level: 'info',
  timestamp: '2024-04-01T14:16:19.448Z',
  ms: '+1ms'
}
{
  data: {
    id: '10163673108419768',
    name: 'Rachel Novoselac',
    last_name: 'Novoselac'
  },
  level: 'info',
  message: 'received data from FB API',
  timestamp: '2024-04-01T14:16:21.704Z',
  ms: '+2s'
}
{
  message: 'calls every 2 seconds, 58% of total calls used',
  level: 'info',
  timestamp: '2024-04-01T14:16:21.704Z',
  ms: '+0ms'
}
{
  data: {
    id: '10163673108419768',
    name: 'Rachel Novoselac',
    last_name: 'Novoselac'
  },
  level: 'info',
  message: 'received data from FB API',
  timestamp: '2024-04-01T14:16:24.035Z',
  ms: '+2s'
}
{
  message: 'calls every 2 seconds, 58% of total calls used',
  level: 'info',
  timestamp: '2024-04-01T14:16:24.035Z',
  ms: '+0ms'
}
{
  data: {
    id: '10163673108419768',
    name: 'Rachel Novoselac',
    last_name: 'Novoselac'
  },
  level: 'info',
  message: 'received data from FB API',
  timestamp: '2024-04-01T14:16:26.261Z',
  ms: '+2s'
}
{
  message: 'calls every 2 seconds, 59% of total calls used',
  level: 'info',
  timestamp: '2024-04-01T14:16:26.261Z',
  ms: '+0ms'
}
{
  data: {
    id: '10163673108419768',
    name: 'Rachel Novoselac',
    last_name: 'Novoselac'
  },
  level: 'info',
  message: 'received data from FB API',
  timestamp: '2024-04-01T14:16:28.445Z',
  ms: '+2s'
}
{
  message: 'calls every 2 seconds, 59% of total calls used',
  level: 'info',
  timestamp: '2024-04-01T14:16:28.445Z',
  ms: '+0ms'
}
{
  data: {
    id: '10163673108419768',
    name: 'Rachel Novoselac',
    last_name: 'Novoselac'
  },
  level: 'info',
  message: 'received data from FB API',
  timestamp: '2024-04-01T14:16:30.746Z',
  ms: '+2s'
}
{
  message: 'calls every 2 seconds, 60% of total calls used',
  level: 'info',
  timestamp: '2024-04-01T14:16:30.747Z',
  ms: '+1ms'
}
{
  data: {
    id: '10163673108419768',
    name: 'Rachel Novoselac',
    last_name: 'Novoselac'
  },
  level: 'info',
  message: 'received data from FB API',
  timestamp: '2024-04-01T14:16:32.985Z',
  ms: '+2s'
}
{
  message: 'calls every 2 seconds, 60% of total calls used',
  level: 'info',
  timestamp: '2024-04-01T14:16:32.986Z',
  ms: '+1ms'
}
{
  data: {
    id: '10163673108419768',
    name: 'Rachel Novoselac',
    last_name: 'Novoselac'
  },
  level: 'info',
  message: 'received data from FB API',
  timestamp: '2024-04-01T14:16:35.141Z',
  ms: '+2s'
}
{
  message: 'calls every 2 seconds, 60% of total calls used',
  level: 'info',
  timestamp: '2024-04-01T14:16:35.142Z',
  ms: '+1ms'
}
{
  data: {
    id: '10163673108419768',
    name: 'Rachel Novoselac',
    last_name: 'Novoselac'
  },
  level: 'info',
  message: 'received data from FB API',
  timestamp: '2024-04-01T14:16:37.329Z',
  ms: '+2s'
}
{
  message: 'calls every 2 seconds, 61% of total calls used',
  level: 'info',
  timestamp: '2024-04-01T14:16:37.330Z',
  ms: '+1ms'
}
{
  data: {
    id: '10163673108419768',
    name: 'Rachel Novoselac',
    last_name: 'Novoselac'
  },
  level: 'info',
  message: 'received data from FB API',
  timestamp: '2024-04-01T14:16:39.658Z',
  ms: '+2s'
}
{
  message: 'calls every 2 seconds, 61% of total calls used',
  level: 'info',
  timestamp: '2024-04-01T14:16:39.658Z',
  ms: '+0ms'
}
{
  data: {
    id: '10163673108419768',
    name: 'Rachel Novoselac',
    last_name: 'Novoselac'
  },
  level: 'info',
  message: 'received data from FB API',
  timestamp: '2024-04-01T14:16:41.955Z',
  ms: '+2s'
}
{
  message: 'calls every 2 seconds, 62% of total calls used',
  level: 'info',
  timestamp: '2024-04-01T14:16:41.956Z',
  ms: '+1ms'
}
{
  data: {
    id: '10163673108419768',
    name: 'Rachel Novoselac',
    last_name: 'Novoselac'
  },
  level: 'info',
  message: 'received data from FB API',
  timestamp: '2024-04-01T14:16:44.116Z',
  ms: '+2s'
}
{
  message: 'calls every 2 seconds, 62% of total calls used',
  level: 'info',
  timestamp: '2024-04-01T14:16:44.117Z',
  ms: '+1ms'
}
{
  data: {
    id: '10163673108419768',
    name: 'Rachel Novoselac',
    last_name: 'Novoselac'
  },
  level: 'info',
  message: 'received data from FB API',
  timestamp: '2024-04-01T14:16:46.273Z',
  ms: '+2s'
}
{
  message: 'calls every 2 seconds, 62% of total calls used',
  level: 'info',
  timestamp: '2024-04-01T14:16:46.275Z',
  ms: '+2ms'
}
{
  data: {
    id: '10163673108419768',
    name: 'Rachel Novoselac',
    last_name: 'Novoselac'
  },
  level: 'info',
  message: 'received data from FB API',
  timestamp: '2024-04-01T14:16:48.469Z',
  ms: '+2s'
}
{
  message: 'calls every 2 seconds, 63% of total calls used',
  level: 'info',
  timestamp: '2024-04-01T14:16:48.470Z',
  ms: '+1ms'
}
{
  data: {
    id: '10163673108419768',
    name: 'Rachel Novoselac',
    last_name: 'Novoselac'
  },
  level: 'info',
  message: 'received data from FB API',
  timestamp: '2024-04-01T14:16:50.800Z',
  ms: '+2s'
}
{
  message: 'calls every 2 seconds, 63% of total calls used',
  level: 'info',
  timestamp: '2024-04-01T14:16:50.800Z',
  ms: '+0ms'
}
{
  data: {
    id: '10163673108419768',
    name: 'Rachel Novoselac',
    last_name: 'Novoselac'
  },
  level: 'info',
  message: 'received data from FB API',
  timestamp: '2024-04-01T14:16:52.956Z',
  ms: '+2s'
}
{
  message: 'calls every 2 seconds, 64% of total calls used',
  level: 'info',
  timestamp: '2024-04-01T14:16:52.957Z',
  ms: '+1ms'
}
{
  data: {
    id: '10163673108419768',
    name: 'Rachel Novoselac',
    last_name: 'Novoselac'
  },
  level: 'info',
  message: 'received data from FB API',
  timestamp: '2024-04-01T14:16:55.112Z',
  ms: '+2s'
}
{
  message: 'calls every 2 seconds, 64% of total calls used',
  level: 'info',
  timestamp: '2024-04-01T14:16:55.113Z',
  ms: '+1ms'
}
{
  data: {
    id: '10163673108419768',
    name: 'Rachel Novoselac',
    last_name: 'Novoselac'
  },
  level: 'info',
  message: 'received data from FB API',
  timestamp: '2024-04-01T14:16:57.603Z',
  ms: '+2s'
}
{
  message: 'calls every 2 seconds, 65% of total calls used',
  level: 'info',
  timestamp: '2024-04-01T14:16:57.603Z',
  ms: '+0ms'
}
{
  data: {
    id: '10163673108419768',
    name: 'Rachel Novoselac',
    last_name: 'Novoselac'
  },
  level: 'info',
  message: 'received data from FB API',
  timestamp: '2024-04-01T14:16:59.788Z',
  ms: '+2s'
}
{
  message: 'calls every 2 seconds, 65% of total calls used',
  level: 'info',
  timestamp: '2024-04-01T14:16:59.790Z',
  ms: '+2ms'
}
{
  data: {
    id: '10163673108419768',
    name: 'Rachel Novoselac',
    last_name: 'Novoselac'
  },
  level: 'info',
  message: 'received data from FB API',
  timestamp: '2024-04-01T14:17:01.998Z',
  ms: '+2s'
}
{
  message: 'calls every 2 seconds, 65% of total calls used',
  level: 'info',
  timestamp: '2024-04-01T14:17:01.999Z',
  ms: '+1ms'
}
{
  data: {
    id: '10163673108419768',
    name: 'Rachel Novoselac',
    last_name: 'Novoselac'
  },
  level: 'info',
  message: 'received data from FB API',
  timestamp: '2024-04-01T14:17:04.179Z',
  ms: '+2s'
}
{
  message: 'calls every 2 seconds, 66% of total calls used',
  level: 'info',
  timestamp: '2024-04-01T14:17:04.179Z',
  ms: '+0ms'
}
{
  data: {
    id: '10163673108419768',
    name: 'Rachel Novoselac',
    last_name: 'Novoselac'
  },
  level: 'info',
  message: 'received data from FB API',
  timestamp: '2024-04-01T14:17:07.840Z',
  ms: '+0ms'
}
{
  message: 'calls every 2 seconds, 66% of total calls used',
  level: 'info',
  timestamp: '2024-04-01T14:17:07.844Z',
  ms: '+4ms'
}
{
  message: 'OAuth "Facebook Platform" "invalid_request" "(#100) Tried accessing nonexisting field (X-App-Usage) on node type (User)", 65% of total calls used',
  level: 'error',
  timestamp: '2024-04-01T14:28:08.366Z',
  ms: '+0ms'
}
{
  data: {
    id: '10163673108419768',
    name: 'Rachel Novoselac',
    last_name: 'Novoselac'
  },
  level: 'info',
  message: 'received data from FB API',
  timestamp: '2024-04-01T14:28:24.527Z',
  ms: '+0ms'
}
{
  message: 'calls every 2 seconds, 65% of total calls used',
  level: 'info',
  timestamp: '2024-04-01T14:28:24.531Z',
  ms: '+3ms'
}
